nil
nil
nil
"/home/bogus/connected-car/intelligent-embedded-systems/ros/euslisp-release/lisp"
t
nil
nil
nil
t
nil
#<package #X5593297e61b8 LISP>
nil
#<package #X5593299080b8 GL>
#<package #X5593299080b8 GL>
"/home/bogus/connected-car/intelligent-embedded-systems/ros/euslisp-release/lisp/opengl/src"
"../../../Linux64/obj/"
nil
"toiv.l"
nil
#<package #X5593297e61b8 LISP>
"euscomp finished."
"euscomp finished."
t
"/home/bogus/connected-car/intelligent-embedded-systems/ros/euslisp-release/lisp"
"/home/bogus/connected-car/intelligent-embedded-systems/ros/euslisp-release/lisp"
